2021-01-07 17:15:51.342 [ main ] - [ INFO  ] [ com.example.demo1.LogTest : 55 ] - Starting LogTest using Java 1.8.0_181 on DESKTOP-NA4V0HU with PID 3736 (started by LZDEV in C:\Users\26690\Desktop\新建文件夹 (2)\demo1)
2021-01-07 17:15:51.344 [ main ] - [ INFO  ] [ com.example.demo1.LogTest : 664 ] - The following profiles are active: dev
2021-01-07 17:15:53.011 [ main ] - [ INFO  ] [ c.a.d.s.b.a.DruidDataSourceAutoConfigure : 56 ] - Init DruidDataSource
2021-01-07 17:15:53.962 [ main ] - [ INFO  ] [ com.alibaba.druid.pool.DruidDataSource : 985 ] - {dataSource-1} inited
2021-01-07 17:15:56.321 [ main ] - [ INFO  ] [ com.example.demo1.LogTest : 61 ] - Started LogTest in 5.873 seconds (JVM running for 7.699)
2021-01-07 17:15:56.818 [ main ] - [ INFO  ] [ com.example.demo1.LogTest : 21 ] - before test
2021-01-07 17:15:56.821 [ main ] - [ INFO  ] [ com.example.demo1.LogTest : 31 ] - 这是info日志
2021-01-07 17:15:56.824 [ main ] - [ WARN  ] [ com.example.demo1.LogTest : 32 ] - 这是warn日志
2021-01-07 17:15:56.826 [ main ] - [ ERROR ] [ com.example.demo1.LogTest : 33 ] - 这是error日志
2021-01-07 17:15:56.837 [ main ] - [ INFO  ] [ com.example.demo1.LogTest : 25 ] - after test
2021-01-07 17:15:56.859 [ SpringContextShutdownHook ] - [ INFO  ] [ com.alibaba.druid.pool.DruidDataSource : 2032 ] - {dataSource-1} closing ...
2021-01-07 17:15:56.877 [ SpringContextShutdownHook ] - [ INFO  ] [ com.alibaba.druid.pool.DruidDataSource : 2104 ] - {dataSource-1} closed
2021-01-07 17:18:18.476 [ main ] - [ INFO  ] [ com.example.demo1.LogTest : 55 ] - Starting LogTest using Java 1.8.0_181 on DESKTOP-NA4V0HU with PID 14916 (started by LZDEV in C:\Users\26690\Desktop\新建文件夹 (2)\demo1)
2021-01-07 17:18:18.479 [ main ] - [ INFO  ] [ com.example.demo1.LogTest : 664 ] - The following profiles are active: dev
2021-01-07 17:18:20.226 [ main ] - [ INFO  ] [ c.a.d.s.b.a.DruidDataSourceAutoConfigure : 56 ] - Init DruidDataSource
2021-01-07 17:18:21.120 [ main ] - [ INFO  ] [ com.alibaba.druid.pool.DruidDataSource : 985 ] - {dataSource-1} inited
2021-01-07 17:18:23.164 [ main ] - [ INFO  ] [ com.example.demo1.LogTest : 61 ] - Started LogTest in 5.669 seconds (JVM running for 7.578)
2021-01-07 17:18:23.636 [ main ] - [ INFO  ] [ com.example.demo1.LogTest : 21 ] - before test
2021-01-07 17:18:23.639 [ main ] - [ INFO  ] [ com.example.demo1.LogTest : 31 ] - 这是info日志
2021-01-07 17:18:23.640 [ main ] - [ WARN  ] [ com.example.demo1.LogTest : 32 ] - 这是warn日志
2021-01-07 17:18:23.641 [ main ] - [ ERROR ] [ com.example.demo1.LogTest : 33 ] - 这是error日志
2021-01-07 17:18:23.645 [ main ] - [ INFO  ] [ com.example.demo1.LogTest : 25 ] - after test
2021-01-07 17:18:23.665 [ SpringContextShutdownHook ] - [ INFO  ] [ com.alibaba.druid.pool.DruidDataSource : 2032 ] - {dataSource-1} closing ...
2021-01-07 17:18:23.681 [ SpringContextShutdownHook ] - [ INFO  ] [ com.alibaba.druid.pool.DruidDataSource : 2104 ] - {dataSource-1} closed
2021-01-07 17:20:28 ===[ main ] === [ INFO  ]===[ com.example.demo1.LogTest : 55 ] === Starting LogTest using Java 1.8.0_181 on DESKTOP-NA4V0HU with PID 13388 (started by LZDEV in C:\Users\26690\Desktop\新建文件夹 (2)\demo1)
2021-01-07 17:20:28 ===[ main ] === [ INFO  ]===[ com.example.demo1.LogTest : 664 ] === The following profiles are active: dev
2021-01-07 17:20:29 ===[ main ] === [ INFO  ]===[ c.a.d.s.b.a.DruidDataSourceAutoConfigure : 56 ] === Init DruidDataSource
2021-01-07 17:20:30 ===[ main ] === [ INFO  ]===[ com.alibaba.druid.pool.DruidDataSource : 985 ] === {dataSource-1} inited
2021-01-07 17:20:32 ===[ main ] === [ INFO  ]===[ com.example.demo1.LogTest : 61 ] === Started LogTest in 5.512 seconds (JVM running for 7.416)
2021-01-07 17:20:33 ===[ main ] === [ INFO  ]===[ com.example.demo1.LogTest : 21 ] === before test
2021-01-07 17:20:33 ===[ main ] === [ INFO  ]===[ com.example.demo1.LogTest : 31 ] === 这是info日志
2021-01-07 17:20:33 ===[ main ] === [ WARN  ]===[ com.example.demo1.LogTest : 32 ] === 这是warn日志
2021-01-07 17:20:33 ===[ main ] === [ ERROR ]===[ com.example.demo1.LogTest : 33 ] === 这是error日志
2021-01-07 17:20:33 ===[ main ] === [ INFO  ]===[ com.example.demo1.LogTest : 25 ] === after test
2021-01-07 17:20:33 ===[ SpringContextShutdownHook ] === [ INFO  ]===[ com.alibaba.druid.pool.DruidDataSource : 2032 ] === {dataSource-1} closing ...
2021-01-07 17:20:33 ===[ SpringContextShutdownHook ] === [ INFO  ]===[ com.alibaba.druid.pool.DruidDataSource : 2104 ] === {dataSource-1} closed
2021-01-07 17:21:40 ===[ main ] === [ INFO  ]===[ com.example.demo1.LogTest : 55 ] === Starting LogTest using Java 1.8.0_181 on DESKTOP-NA4V0HU with PID 11744 (started by LZDEV in C:\Users\26690\Desktop\新建文件夹 (2)\demo1)
2021-01-07 17:21:40 ===[ main ] === [ DEBUG ]===[ com.example.demo1.LogTest : 56 ] === Running with Spring Boot v2.4.1, Spring v5.3.2
2021-01-07 17:21:40 ===[ main ] === [ INFO  ]===[ com.example.demo1.LogTest : 664 ] === The following profiles are active: dev
2021-01-07 17:21:41 ===[ main ] === [ DEBUG ]===[ org.apache.ibatis.logging.LogFactory : 105 ] === Logging initialized using 'class org.apache.ibatis.logging.slf4j.Slf4jImpl' adapter.
2021-01-07 17:21:41 ===[ main ] === [ DEBUG ]===[ org.mybatis.spring.mapper.ClassPathMapperScanner : 435 ] === Identified candidate component class: file [C:\Users\26690\Desktop\新建文件夹 (2)\demo1\target\classes\com\example\demo1\mapper\UserMapper.class]
2021-01-07 17:21:41 ===[ main ] === [ DEBUG ]===[ org.mybatis.spring.mapper.ClassPathMapperScanner : 49 ] === Creating MapperFactoryBean with name 'userMapper' and 'com.example.demo1.mapper.UserMapper' mapperInterface
2021-01-07 17:21:41 ===[ main ] === [ DEBUG ]===[ org.mybatis.spring.mapper.ClassPathMapperScanner : 49 ] === Enabling autowire by type for MapperFactoryBean with name 'userMapper'.
2021-01-07 17:21:42 ===[ main ] === [ INFO  ]===[ c.a.d.s.b.a.DruidDataSourceAutoConfigure : 56 ] === Init DruidDataSource
2021-01-07 17:21:42 ===[ main ] === [ INFO  ]===[ com.alibaba.druid.pool.DruidDataSource : 985 ] === {dataSource-1} inited
2021-01-07 17:21:43 ===[ main ] === [ DEBUG ]===[ org.mybatis.spring.SqlSessionFactoryBean : 49 ] === Parsed mapper file: 'file [C:\Users\26690\Desktop\新建文件夹 (2)\demo1\target\classes\mapping\UserMapper.xml]'
2021-01-07 17:21:44 ===[ main ] === [ INFO  ]===[ com.example.demo1.LogTest : 61 ] === Started LogTest in 5.318 seconds (JVM running for 7.183)
2021-01-07 17:21:45 ===[ main ] === [ INFO  ]===[ com.example.demo1.LogTest : 21 ] === before test
2021-01-07 17:21:45 ===[ main ] === [ DEBUG ]===[ com.example.demo1.LogTest : 30 ] === 这是debug日志
2021-01-07 17:21:45 ===[ main ] === [ INFO  ]===[ com.example.demo1.LogTest : 31 ] === 这是info日志
2021-01-07 17:21:45 ===[ main ] === [ WARN  ]===[ com.example.demo1.LogTest : 32 ] === 这是warn日志
2021-01-07 17:21:45 ===[ main ] === [ ERROR ]===[ com.example.demo1.LogTest : 33 ] === 这是error日志
2021-01-07 17:21:45 ===[ main ] === [ INFO  ]===[ com.example.demo1.LogTest : 25 ] === after test
2021-01-07 17:21:45 ===[ SpringContextShutdownHook ] === [ INFO  ]===[ com.alibaba.druid.pool.DruidDataSource : 2032 ] === {dataSource-1} closing ...
2021-01-07 17:21:45 ===[ SpringContextShutdownHook ] === [ INFO  ]===[ com.alibaba.druid.pool.DruidDataSource : 2104 ] === {dataSource-1} closed
